1546069315512	geckodriver	INFO	geckodriver 0.21.0
1546069315540	geckodriver	INFO	Listening on 127.0.0.1:59418
1546069318529	mozrunner::runner	INFO	Running command: "C:\\Program Files\\Mozilla Firefox\\firefox.exe" "-marionette" "-foreground" "-no-remote" "-profile" "C:\\Users\\56464\\AppData\\Local\\Temp\\rust_mozprofile.xveUBhT5zD8M"
1546069320710	addons.webextension.screenshots@mozilla.org	WARN	Loading extension 'screenshots@mozilla.org': Reading manifest: Invalid host permission: resource://pdf.js/
1546069320711	addons.webextension.screenshots@mozilla.org	WARN	Loading extension 'screenshots@mozilla.org': Reading manifest: Invalid host permission: about:reader*
1546069320881	Marionette	DEBUG	Received observer notification profile-after-change
1546069321104	Marionette	DEBUG	Received observer notification toplevel-window-ready
1546069321182	Marionette	DEBUG	Received observer notification command-line-startup
1546069321182	Marionette	DEBUG	Received observer notification nsPref:changed
1546069321182	Marionette	DEBUG	Init aborted (running=false, enabled=true, finalUIStartup=false)
1546069321476	Marionette	DEBUG	Received observer notification toplevel-window-ready
1546069323048	Marionette	DEBUG	Received observer notification sessionstore-windows-restored
1546069323049	Marionette	DEBUG	Waiting for delayed startup...
1546069323219	Marionette	DEBUG	Setting recommended pref app.update.disabledForTesting to true
1546069323219	Marionette	DEBUG	Setting recommended pref security.turn_off_all_security_so_that_viruses_can_take_over_this_computer to true
1546069323219	Marionette	DEBUG	Setting recommended pref apz.content_response_timeout to 60000
1546069323220	Marionette	DEBUG	Setting recommended pref browser.contentblocking.introCount to 99
1546069323220	Marionette	DEBUG	Setting recommended pref browser.download.panel.shown to true
1546069323220	Marionette	DEBUG	Setting recommended pref browser.newtabpage.enabled to false
1546069323220	Marionette	DEBUG	Setting recommended pref browser.pagethumbnails.capturing_disabled to true
1546069323221	Marionette	DEBUG	Setting recommended pref browser.search.update to false
1546069323221	Marionette	DEBUG	Setting recommended pref browser.tabs.disableBackgroundZombification to false
1546069323221	Marionette	DEBUG	Setting recommended pref browser.tabs.warnOnCloseOtherTabs to false
1546069323222	Marionette	DEBUG	Setting recommended pref browser.tabs.warnOnOpen to false
1546069323222	Marionette	DEBUG	Setting recommended pref browser.usedOnWindows10.introURL to 
1546069323222	Marionette	DEBUG	Setting recommended pref browser.urlbar.suggest.searches to false
1546069323222	Marionette	DEBUG	Setting recommended pref datareporting.policy.dataSubmissionPolicyAccepted to false
1546069323222	Marionette	DEBUG	Setting recommended pref dom.disable_beforeunload to true
1546069323222	Marionette	DEBUG	Setting recommended pref dom.disable_open_during_load to false
1546069323222	Marionette	DEBUG	Setting recommended pref dom.file.createInChild to true
1546069323222	Marionette	DEBUG	Setting recommended pref dom.max_chrome_script_run_time to 0
1546069323223	Marionette	DEBUG	Setting recommended pref dom.max_script_run_time to 0
1546069323223	Marionette	DEBUG	Setting recommended pref extensions.getAddons.cache.enabled to false
1546069323223	Marionette	DEBUG	Setting recommended pref extensions.webservice.discoverURL to http://%(server)s/dummy/discoveryURL
1546069323223	Marionette	DEBUG	Setting recommended pref network.http.prompt-temp-redirect to false
1546069323223	Marionette	DEBUG	Setting recommended pref network.http.speculative-parallel-limit to 0
1546069323223	Marionette	DEBUG	Setting recommended pref security.fileuri.strict_origin_policy to false
1546069323223	Marionette	DEBUG	Setting recommended pref security.notification_enable_delay to 0
1546069323224	Marionette	DEBUG	Setting recommended pref signon.autofillForms to false
1546069323224	Marionette	DEBUG	Setting recommended pref signon.rememberSignons to false
1546069323224	Marionette	DEBUG	Setting recommended pref toolkit.cosmeticAnimations.enabled to false
1546069323278	Marionette	INFO	Listening on port 59426
1546069323278	Marionette	DEBUG	Remote service is active
1546069323695	Marionette	DEBUG	Accepted connection 0 from 127.0.0.1:59444
1546069323697	Marionette	TRACE	0 -> [0,1,"WebDriver:NewSession",{"acceptInsecureCerts":true,"browserName":"firefox","capabilities":{"desiredCapabilities":{"acceptInsecureCerts":true,"browserName":"firefox"}}}]
1546069323697	Marionette	WARN	TLS certificate errors will be ignored for this session
1546069323780	Marionette	DEBUG	[6442450945] Frame script loaded
1546069323782	Marionette	DEBUG	[6442450945] Frame script registered
1546069323786	Marionette	TRACE	0 <- [1,1,null,{"sessionId":"41f158a8-9aa2-40af-bc36-5b7aed72f4b1","capabilities":{"browserName":"firefox","browserVersion":"64.0" ... alse,"moz:webdriverClick":true,"capabilities":{"desiredCapabilities":{"acceptInsecureCerts":true,"browserName":"firefox"}}}}]
1546069323804	Marionette	TRACE	0 -> [0,2,"WebDriver:SetTimeouts",{"implicit":3000}]
1546069323805	Marionette	TRACE	0 <- [1,2,null,{"value":null}]
1546069323811	Marionette	TRACE	0 -> [0,3,"WebDriver:Navigate",{"url":"http://127.0.0.1:8000/"}]
1546069323817	Marionette	DEBUG	[6442450945] Received DOM event beforeunload for about:blank
1546069323845	Marionette	DEBUG	[6442450945] Received DOM event pagehide for about:blank
1546069323860	Marionette	DEBUG	[6442450945] Received DOM event DOMContentLoaded for http://127.0.0.1:8000/
1546069323956	Marionette	DEBUG	[6442450945] Received DOM event pageshow for http://127.0.0.1:8000/
1546069323973	Marionette	TRACE	0 <- [1,3,null,{"value":null}]
1546069323998	Marionette	TRACE	0 -> [0,4,"WebDriver:GetTitle",{}]
1546069323999	Marionette	TRACE	0 <- [1,4,null,{"value":"To-Do lists"}]
1546069324008	Marionette	TRACE	0 -> [0,5,"WebDriver:FindElement",{"using":"css selector","value":"h1"}]
1546069327024	Marionette	TRACE	0 <- [1,5,{"error":"no such element","message":"Unable to locate element: h1","stacktrace":"WebDriverError@chrome://marionette/con ... entError@chrome://marionette/content/error.js:388:5\nelement.find/</<@chrome://marionette/content/element.js:339:16\n"},null]
1546069327027	Marionette	TRACE	0 -> [0,6,"Marionette:Quit",{"flags":["eForceQuit"]}]
1546069327027	Marionette	INFO	Stopped listening on port 59426
1546069327070	Marionette	TRACE	0 <- [1,6,null,{"cause":"shutdown"}]
1546069327111	Marionette	TRACE	0 -> [0,7,"Marionette:Quit",{"flags":["eForceQuit"]}]
1546069327112	Marionette	TRACE	0 <- [1,7,{"error":"invalid session id","message":"Tried to run command without establishing a connection","stacktrace":"WebDriver ... et@chrome://marionette/content/server.js:236:8\n_onJSONObjectReady/<@chrome://marionette/content/transport.js:490:9\n"},null]
[Parent 13828, Gecko_IOThread] WARNING: pipe error: 109: file z:/build/build/src/ipc/chromium/src/chrome/common/ipc_channel_win.cc, line 346
[Parent 13828, Gecko_IOThread] WARNING: pipe error: 109: file z:/build/build/src/ipc/chromium/src/chrome/common/ipc_channel_win.cc, line 346
[Child 11008, Chrome_ChildThread] WARNING: pipe error: 109: file z:/build/build/src/ipc/chromium/src/chrome/common/ipc_channel_win.cc, line 346
[Child [Child 10792, Chrome_ChildThread] WARNING: pipe error: 109: file z:/build/build/src/ipc/chromium/src/chrome/common/ipc_channe1546069327134	Marionette	DEBUG	Closed connection 0
l_win.cc, line 346
[Child 10792, Chrome_ChildThread] WARNING: pipe error: 109: file z[Parent 13828, Gecko_IOThread] WARNING: pipe error: 109: file z:/build/build/src/ipc/chromium/src/chrome/common/ipc_channel_win.cc, line 346
[Child 14864, Chrome_ChildThread] WARNING: pipe error: 109: file z:/build/build/src/ipc/chromium/src/chrome/common/ipc_channel_win.cc, line 346
[Child 14864, Chrome_ChildTh1546069327426	Marionette	DEBUG	Received observer notification xpcom-will-shutdown
1546069327426	Marionette	DEBUG	Resetting recommended pref app.update.disabledForTesting
1546069327426	Marionette	DEBUG	Resetting recommended pref security.turn_off_all_security_so_that_viruses_can_take_over_this_computer
1546069327427	Marionette	DEBUG	Resetting recommended pref apz.content_response_timeout
1546069327427	Marionette	DEBUG	Resetting recommended pref browser.contentblocking.introCount
1546069327427	Marionette	DEBUG	Resetting recommended pref browser.download.panel.shown
1546069327427	Marionette	DEBUG	Resetting recommended pref browser.newtabpage.enabled
1546069327427	Marionette	DEBUG	Resetting recommended pref browser.pagethumbnails.capturing_disabled
1546069327427	Marionette	DEBUG	Resetting recommended pref browser.search.update
1546069327427	Marionette	DEBUG	Resetting recommended pref browser.tabs.disableBackgroundZombification
1546069327428	Marionette	DEBUG	Resetting recommended pref browser.tabs.warnOnCloseOtherTabs
1546069327428	Marionette	DEBUG	Resetting recommended pref browser.tabs.warnOnOpen
1546069327428	Marionette	DEBUG	Resetting recommended pref browser.usedOnWindows10.introURL
1546069327428	Marionette	DEBUG	Resetting recommended pref browser.urlbar.suggest.searches
1546069327428	Marionette	DEBUG	Resetting recommended pref datareporting.policy.dataSubmissionPolicyAccepted
1546069327428	Marionette	DEBUG	Resetting recommended pref dom.disable_beforeunload
1546069327428	Marionette	DEBUG	Resetting recommended pref dom.disable_open_during_load
1546069327428	Marionette	DEBUG	Resetting recommended pref dom.file.createInChild
1546069327428	Marionette	DEBUG	Resetting recommended pref dom.max_chrome_script_run_time
1546069327428	Marionette	DEBUG	Resetting recommended pref dom.max_script_run_time
1546069327429	Marionette	DEBUG	Resetting recommended pref extensions.getAddons.cache.enabled
1546069327429	Marionette	DEBUG	Resetting recommended pref extensions.webservice.discoverURL
1546069327429	Marionette	DEBUG	Resetting recommended pref network.http.prompt-temp-redirect
1546069327429	Marionette	DEBUG	Resetting recommended pref network.http.speculative-parallel-limit
1546069327429	Marionette	DEBUG	Resetting recommended pref security.fileuri.strict_origin_policy
1546069327429	Marionette	DEBUG	Resetting recommended pref security.notification_enable_delay
1546069327429	Marionette	DEBUG	Resetting recommended pref signon.autofillForms
1546069327429	Marionette	DEBUG	Resetting recommended pref signon.rememberSignons
1546069327429	Marionette	DEBUG	Resetting recommended pref toolkit.cosmeticAnimations.enabled
1546069327429	Marionette	DEBUG	Remote service is inactive

###!!! [Child][MessageChannel::SendAndWait] Error: Channel error: cannot send/recv

1546070352307	geckodriver	INFO	geckodriver 0.21.0
1546070352341	geckodriver	INFO	Listening on 127.0.0.1:59734
1546070355341	mozrunner::runner	INFO	Running command: "C:\\Program Files\\Mozilla Firefox\\firefox.exe" "-marionette" "-foreground" "-no-remote" "-profile" "C:\\Users\\56464\\AppData\\Local\\Temp\\rust_mozprofile.kWz5bLtKpXwH"
1546070356928	addons.webextension.screenshots@mozilla.org	WARN	Loading extension 'screenshots@mozilla.org': Reading manifest: Invalid host permission: resource://pdf.js/
1546070356929	addons.webextension.screenshots@mozilla.org	WARN	Loading extension 'screenshots@mozilla.org': Reading manifest: Invalid host permission: about:reader*
1546070357072	Marionette	DEBUG	Received observer notification profile-after-change
1546070357245	Marionette	DEBUG	Received observer notification toplevel-window-ready
1546070357316	Marionette	DEBUG	Received observer notification command-line-startup
1546070357316	Marionette	DEBUG	Received observer notification nsPref:changed
1546070357316	Marionette	DEBUG	Init aborted (running=false, enabled=true, finalUIStartup=false)
1546070357598	Marionette	DEBUG	Received observer notification toplevel-window-ready
1546070359420	Marionette	DEBUG	Received observer notification sessionstore-windows-restored
1546070359421	Marionette	DEBUG	Waiting for delayed startup...
1546070359607	Marionette	DEBUG	Setting recommended pref app.update.disabledForTesting to true
1546070359607	Marionette	DEBUG	Setting recommended pref security.turn_off_all_security_so_that_viruses_can_take_over_this_computer to true
1546070359607	Marionette	DEBUG	Setting recommended pref apz.content_response_timeout to 60000
1546070359608	Marionette	DEBUG	Setting recommended pref browser.contentblocking.introCount to 99
1546070359608	Marionette	DEBUG	Setting recommended pref browser.download.panel.shown to true
1546070359608	Marionette	DEBUG	Setting recommended pref browser.newtabpage.enabled to false
1546070359608	Marionette	DEBUG	Setting recommended pref browser.pagethumbnails.capturing_disabled to true
1546070359609	Marionette	DEBUG	Setting recommended pref browser.search.update to false
1546070359610	Marionette	DEBUG	Setting recommended pref browser.tabs.disableBackgroundZombification to false
1546070359610	Marionette	DEBUG	Setting recommended pref browser.tabs.warnOnCloseOtherTabs to false
1546070359610	Marionette	DEBUG	Setting recommended pref browser.tabs.warnOnOpen to false
1546070359611	Marionette	DEBUG	Setting recommended pref browser.usedOnWindows10.introURL to 
1546070359611	Marionette	DEBUG	Setting recommended pref browser.urlbar.suggest.searches to false
1546070359611	Marionette	DEBUG	Setting recommended pref datareporting.policy.dataSubmissionPolicyAccepted to false
1546070359611	Marionette	DEBUG	Setting recommended pref dom.disable_beforeunload to true
1546070359611	Marionette	DEBUG	Setting recommended pref dom.disable_open_during_load to false
1546070359611	Marionette	DEBUG	Setting recommended pref dom.file.createInChild to true
1546070359611	Marionette	DEBUG	Setting recommended pref dom.max_chrome_script_run_time to 0
1546070359612	Marionette	DEBUG	Setting recommended pref dom.max_script_run_time to 0
1546070359612	Marionette	DEBUG	Setting recommended pref extensions.getAddons.cache.enabled to false
1546070359612	Marionette	DEBUG	Setting recommended pref extensions.webservice.discoverURL to http://%(server)s/dummy/discoveryURL
1546070359612	Marionette	DEBUG	Setting recommended pref network.http.prompt-temp-redirect to false
1546070359613	Marionette	DEBUG	Setting recommended pref network.http.speculative-parallel-limit to 0
1546070359613	Marionette	DEBUG	Setting recommended pref security.fileuri.strict_origin_policy to false
1546070359613	Marionette	DEBUG	Setting recommended pref security.notification_enable_delay to 0
1546070359613	Marionette	DEBUG	Setting recommended pref signon.autofillForms to false
1546070359613	Marionette	DEBUG	Setting recommended pref signon.rememberSignons to false
1546070359614	Marionette	DEBUG	Setting recommended pref toolkit.cosmeticAnimations.enabled to false
1546070359668	Marionette	INFO	Listening on port 59742
1546070359669	Marionette	DEBUG	Remote service is active
1546070359781	Marionette	DEBUG	Accepted connection 0 from 127.0.0.1:59752
1546070359783	Marionette	TRACE	0 -> [0,1,"WebDriver:NewSession",{"acceptInsecureCerts":true,"browserName":"firefox","capabilities":{"desiredCapabilities":{"acceptInsecureCerts":true,"browserName":"firefox"}}}]
1546070359783	Marionette	WARN	TLS certificate errors will be ignored for this session
1546070359826	Marionette	DEBUG	[6442450945] Frame script loaded
1546070359835	Marionette	DEBUG	[6442450945] Frame script registered
1546070359837	Marionette	TRACE	0 <- [1,1,null,{"sessionId":"c153ef53-ede1-42e6-885b-6de1091e7b14","capabilities":{"browserName":"firefox","browserVersion":"64.0" ... alse,"moz:webdriverClick":true,"capabilities":{"desiredCapabilities":{"acceptInsecureCerts":true,"browserName":"firefox"}}}}]
1546070359855	Marionette	TRACE	0 -> [0,2,"WebDriver:SetTimeouts",{"implicit":3000}]
1546070359855	Marionette	TRACE	0 <- [1,2,null,{"value":null}]
1546070359857	Marionette	TRACE	0 -> [0,3,"WebDriver:Navigate",{"url":"http://127.0.0.1:8000/"}]
1546070359870	Marionette	DEBUG	[6442450945] Received DOM event beforeunload for about:blank
1546070359933	Marionette	DEBUG	[6442450945] Received DOM event pagehide for about:blank
1546070359945	Marionette	DEBUG	[6442450945] Received DOM event DOMContentLoaded for http://127.0.0.1:8000/
1546070360055	Marionette	DEBUG	[6442450945] Received DOM event pageshow for http://127.0.0.1:8000/
1546070360064	Marionette	TRACE	0 <- [1,3,null,{"value":null}]
1546070360100	Marionette	TRACE	0 -> [0,4,"WebDriver:GetTitle",{}]
1546070360101	Marionette	TRACE	0 <- [1,4,null,{"value":"To-Do lists"}]
1546070360111	Marionette	TRACE	0 -> [0,5,"WebDriver:FindElement",{"using":"css selector","value":"h1"}]
1546070360118	Marionette	TRACE	0 <- [1,5,null,{"value":{"element-6066-11e4-a52e-4f735466cecf":"0ac77ad0-1c65-4cfa-b14a-5919a7b10430"}}]
1546070360122	Marionette	TRACE	0 -> [0,6,"WebDriver:GetElementText",{"id":"0ac77ad0-1c65-4cfa-b14a-5919a7b10430"}]
1546070360140	Marionette	TRACE	0 <- [1,6,null,{"value":"Your To-Do list"}]
1546070360142	Marionette	TRACE	0 -> [0,7,"WebDriver:FindElement",{"using":"css selector","value":"[id=\"id_new_item\"]"}]
1546070363156	Marionette	TRACE	0 <- [1,7,{"error":"no such element","message":"Unable to locate element: [id=\"id_new_item\"]","stacktrace":"WebDriverError@chrom ... entError@chrome://marionette/content/error.js:388:5\nelement.find/</<@chrome://marionette/content/element.js:339:16\n"},null]
1546070363158	Marionette	TRACE	0 -> [0,8,"Marionette:Quit",{"flags":["eForceQuit"]}]
1546070363159	Marionette	INFO	Stopped listening on port 59742
1546070363228	Marionette	TRACE	0 <- [1,8,null,{"cause":"shutdown"}]
1546070363268	Marionette	TRACE	0 -> [0,9,"Marionette:Quit",{"flags":["eForceQuit"]}]
1546070363271	Marionette	TRACE	0 <- [1,9,{"error":"invalid session id","message":"Tried to run command without establishing a connection","stacktrace":"WebDriver ... et@chrome://marionette/content/server.js:236:8\n_onJSONObjectReady/<@chrome://marionette/content/transport.js:490:9\n"},null]
[Parent 15436, Gecko_IOThread] WARNING: pipe error: 109: file z:/build/build/src/ipc/chromium/src/chrome/common/ipc_channel_win.cc, line 346
[Parent 15436, Gecko_IOThread] WARNING: pipe error: 109: file z:/build/build/src/ipc/chromium/src/chrome/common/ipc_channel_win.cc, line 346
[Child 3544, Chrome_ChildThread] WARNING: pipe error: 109: file z:/build/build/src/ipc/chromium/src/chrome/common/ipc_channel_win.cc, line 346
[Child [Child 17040, Chrome_ChildThread] WARNING: pipe error: 109: file z:/build/build/src/ipc/chromium/src/chrome/common/ipc_channel_win.cc, line 346
[Child 17040, Chrome_ChildThread] WARNING: pipe error: 109: file z:/b1546070363291	Marionette	DEBUG	Closed connection 0
[Parent 15436, Gecko_IOThread] WARNING: pipe error: 109: file z:/build/build/src/ipc/chromium/src/chrome/common/ipc_channel_win.cc, line 346
[Child 2668, Chrome_ChildThread] WARNING: pipe error: 109: file z:/build/build/src/ipc/chromium/src/chrome/common/ipc_channel_win.cc, line 346
[Child 2661546070363532	Marionette	DEBUG	Received observer notification xpcom-will-shutdown
1546070363532	Marionette	DEBUG	Resetting recommended pref app.update.disabledForTesting
1546070363532	Marionette	DEBUG	Resetting recommended pref security.turn_off_all_security_so_that_viruses_can_take_over_this_computer
1546070363532	Marionette	DEBUG	Resetting recommended pref apz.content_response_timeout
1546070363532	Marionette	DEBUG	Resetting recommended pref browser.contentblocking.introCount
1546070363533	Marionette	DEBUG	Resetting recommended pref browser.download.panel.shown
1546070363533	Marionette	DEBUG	Resetting recommended pref browser.newtabpage.enabled
1546070363533	Marionette	DEBUG	Resetting recommended pref browser.pagethumbnails.capturing_disabled
1546070363533	Marionette	DEBUG	Resetting recommended pref browser.search.update
1546070363533	Marionette	DEBUG	Resetting recommended pref browser.tabs.disableBackgroundZombification
1546070363533	Marionette	DEBUG	Resetting recommended pref browser.tabs.warnOnCloseOtherTabs
1546070363533	Marionette	DEBUG	Resetting recommended pref browser.tabs.warnOnOpen
1546070363533	Marionette	DEBUG	Resetting recommended pref browser.usedOnWindows10.introURL
1546070363534	Marionette	DEBUG	Resetting recommended pref browser.urlbar.suggest.searches
1546070363534	Marionette	DEBUG	Resetting recommended pref datareporting.policy.dataSubmissionPolicyAccepted
1546070363534	Marionette	DEBUG	Resetting recommended pref dom.disable_beforeunload
1546070363534	Marionette	DEBUG	Resetting recommended pref dom.disable_open_during_load
1546070363534	Marionette	DEBUG	Resetting recommended pref dom.file.createInChild
1546070363534	Marionette	DEBUG	Resetting recommended pref dom.max_chrome_script_run_time
1546070363534	Marionette	DEBUG	Resetting recommended pref dom.max_script_run_time
1546070363534	Marionette	DEBUG	Resetting recommended pref extensions.getAddons.cache.enabled
1546070363534	Marionette	DEBUG	Resetting recommended pref extensions.webservice.discoverURL
1546070363535	Marionette	DEBUG	Resetting recommended pref network.http.prompt-temp-redirect
1546070363535	Marionette	DEBUG	Resetting recommended pref network.http.speculative-parallel-limit
1546070363535	Marionette	DEBUG	Resetting recommended pref security.fileuri.strict_origin_policy
1546070363535	Marionette	DEBUG	Resetting recommended pref security.notification_enable_delay
1546070363535	Marionette	DEBUG	Resetting recommended pref signon.autofillForms
1546070363535	Marionette	DEBUG	Resetting recommended pref signon.rememberSignons
1546070363535	Marionette	DEBUG	Resetting recommended pref toolkit.cosmeticAnimations.enabled
1546070363536	Marionette	DEBUG	Remote service is inactive
[
###!!! [Child][MessageChannel::SendAndWait] Error: Channel error: cannot send/recv

1546070380982	geckodriver	INFO	geckodriver 0.21.0
1546070381010	geckodriver	INFO	Listening on 127.0.0.1:59777
1546070384014	mozrunner::runner	INFO	Running command: "C:\\Program Files\\Mozilla Firefox\\firefox.exe" "-marionette" "-foreground" "-no-remote" "-profile" "C:\\Users\\56464\\AppData\\Local\\Temp\\rust_mozprofile.cgzj2w6Xs0Y0"
1546070384691	addons.webextension.screenshots@mozilla.org	WARN	Loading extension 'screenshots@mozilla.org': Reading manifest: Invalid host permission: resource://pdf.js/
1546070384691	addons.webextension.screenshots@mozilla.org	WARN	Loading extension 'screenshots@mozilla.org': Reading manifest: Invalid host permission: about:reader*
1546070384807	Marionette	DEBUG	Received observer notification profile-after-change
1546070384888	Marionette	DEBUG	Received observer notification toplevel-window-ready
1546070384933	Marionette	DEBUG	Received observer notification command-line-startup
1546070384934	Marionette	DEBUG	Received observer notification nsPref:changed
1546070384934	Marionette	DEBUG	Init aborted (running=false, enabled=true, finalUIStartup=false)
1546070385127	Marionette	DEBUG	Received observer notification toplevel-window-ready
1546070386050	Marionette	DEBUG	Received observer notification sessionstore-windows-restored
1546070386050	Marionette	DEBUG	Waiting for delayed startup...
1546070386178	Marionette	DEBUG	Setting recommended pref app.update.disabledForTesting to true
1546070386178	Marionette	DEBUG	Setting recommended pref security.turn_off_all_security_so_that_viruses_can_take_over_this_computer to true
1546070386178	Marionette	DEBUG	Setting recommended pref apz.content_response_timeout to 60000
1546070386179	Marionette	DEBUG	Setting recommended pref browser.contentblocking.introCount to 99
1546070386179	Marionette	DEBUG	Setting recommended pref browser.download.panel.shown to true
1546070386179	Marionette	DEBUG	Setting recommended pref browser.newtabpage.enabled to false
1546070386179	Marionette	DEBUG	Setting recommended pref browser.pagethumbnails.capturing_disabled to true
1546070386180	Marionette	DEBUG	Setting recommended pref browser.search.update to false
1546070386180	Marionette	DEBUG	Setting recommended pref browser.tabs.disableBackgroundZombification to false
1546070386180	Marionette	DEBUG	Setting recommended pref browser.tabs.warnOnCloseOtherTabs to false
1546070386181	Marionette	DEBUG	Setting recommended pref browser.tabs.warnOnOpen to false
1546070386181	Marionette	DEBUG	Setting recommended pref browser.usedOnWindows10.introURL to 
1546070386182	Marionette	DEBUG	Setting recommended pref browser.urlbar.suggest.searches to false
1546070386182	Marionette	DEBUG	Setting recommended pref datareporting.policy.dataSubmissionPolicyAccepted to false
1546070386182	Marionette	DEBUG	Setting recommended pref dom.disable_beforeunload to true
1546070386182	Marionette	DEBUG	Setting recommended pref dom.disable_open_during_load to false
1546070386183	Marionette	DEBUG	Setting recommended pref dom.file.createInChild to true
1546070386183	Marionette	DEBUG	Setting recommended pref dom.max_chrome_script_run_time to 0
1546070386183	Marionette	DEBUG	Setting recommended pref dom.max_script_run_time to 0
1546070386183	Marionette	DEBUG	Setting recommended pref extensions.getAddons.cache.enabled to false
1546070386183	Marionette	DEBUG	Setting recommended pref extensions.webservice.discoverURL to http://%(server)s/dummy/discoveryURL
1546070386184	Marionette	DEBUG	Setting recommended pref network.http.prompt-temp-redirect to false
1546070386184	Marionette	DEBUG	Setting recommended pref network.http.speculative-parallel-limit to 0
1546070386184	Marionette	DEBUG	Setting recommended pref security.fileuri.strict_origin_policy to false
1546070386184	Marionette	DEBUG	Setting recommended pref security.notification_enable_delay to 0
1546070386184	Marionette	DEBUG	Setting recommended pref signon.autofillForms to false
1546070386184	Marionette	DEBUG	Setting recommended pref signon.rememberSignons to false
1546070386185	Marionette	DEBUG	Setting recommended pref toolkit.cosmeticAnimations.enabled to false
1546070386242	Marionette	INFO	Listening on port 59788
1546070386242	Marionette	DEBUG	Remote service is active
1546070386849	Marionette	DEBUG	Accepted connection 0 from 127.0.0.1:59802
1546070386850	Marionette	TRACE	0 -> [0,1,"WebDriver:NewSession",{"acceptInsecureCerts":true,"browserName":"firefox","capabilities":{"desiredCapabilities":{"acceptInsecureCerts":true,"browserName":"firefox"}}}]
1546070386851	Marionette	WARN	TLS certificate errors will be ignored for this session
1546070386896	Marionette	DEBUG	[6442450945] Frame script loaded
1546070386898	Marionette	DEBUG	[6442450945] Frame script registered
1546070386900	Marionette	TRACE	0 <- [1,1,null,{"sessionId":"35aa6827-1f89-45d4-be32-657f17500fe5","capabilities":{"browserName":"firefox","browserVersion":"64.0" ... alse,"moz:webdriverClick":true,"capabilities":{"desiredCapabilities":{"acceptInsecureCerts":true,"browserName":"firefox"}}}}]
1546070386934	Marionette	TRACE	0 -> [0,2,"WebDriver:SetTimeouts",{"implicit":3000}]
1546070386935	Marionette	TRACE	0 <- [1,2,null,{"value":null}]
1546070386943	Marionette	TRACE	0 -> [0,3,"WebDriver:Navigate",{"url":"http://127.0.0.1:8000/"}]
1546070386961	Marionette	DEBUG	[6442450945] Received DOM event beforeunload for about:blank
1546070386994	Marionette	DEBUG	[6442450945] Received DOM event pagehide for about:blank
1546070387011	Marionette	DEBUG	[6442450945] Received DOM event DOMContentLoaded for http://127.0.0.1:8000/
1546070387041	Marionette	DEBUG	[6442450945] Received DOM event pageshow for http://127.0.0.1:8000/
1546070387046	Marionette	TRACE	0 <- [1,3,null,{"value":null}]
1546070387064	Marionette	TRACE	0 -> [0,4,"WebDriver:GetTitle",{}]
1546070387065	Marionette	TRACE	0 <- [1,4,null,{"value":"To-Do lists"}]
1546070387074	Marionette	TRACE	0 -> [0,5,"WebDriver:FindElement",{"using":"css selector","value":"h1"}]
1546070387079	Marionette	TRACE	0 <- [1,5,null,{"value":{"element-6066-11e4-a52e-4f735466cecf":"d8dc84e4-82af-4d0b-8f68-7e8e56625ffe"}}]
1546070387088	Marionette	TRACE	0 -> [0,6,"WebDriver:GetElementText",{"id":"d8dc84e4-82af-4d0b-8f68-7e8e56625ffe"}]
1546070387120	Marionette	TRACE	0 <- [1,6,null,{"value":"Your To-Do list"}]
1546070387127	Marionette	TRACE	0 -> [0,7,"WebDriver:FindElement",{"using":"css selector","value":"[id=\"id_new_item\"]"}]
1546070390137	Marionette	TRACE	0 <- [1,7,{"error":"no such element","message":"Unable to locate element: [id=\"id_new_item\"]","stacktrace":"WebDriverError@chrom ... entError@chrome://marionette/content/error.js:388:5\nelement.find/</<@chrome://marionette/content/element.js:339:16\n"},null]
1546070390139	Marionette	TRACE	0 -> [0,8,"Marionette:Quit",{"flags":["eForceQuit"]}]
1546070390140	Marionette	INFO	Stopped listening on port 59788
1546070390207	Marionette	TRACE	0 <- [1,8,null,{"cause":"shutdown"}]
1546070390258	Marionette	TRACE	0 -> [0,9,"Marionette:Quit",{"flags":["eForceQuit"]}]
[Parent 13920, Gecko_IOThread] WARNING: pipe error: 109: file z:/build/build/src/ipc/chromium/sr1546070390259	Marionette	TRACE	0 <- [1,9,{"error":"invalid session id","message":"Tried to run command without establishing a connection","stacktrace":"WebDriver ... et@chrome://marionette/content/server.js:236:8\n_onJSONObjectReady/<@chrome://marionette/content/transport.js:490:9\n"},null]
c/chrome/common/ipc_channel_win.cc, line 346
[Parent 13920, Gecko_IOThread] WARNING: pipe error: 109: file z:/build/build/src/ipc/chromium/src/chrome/common/ipc_channel_win.cc, line 346
[Child 3368, Chrome_ChildThread] WARNING: pipe error: 109: file z:/build/build/src/ipc/chromium/src/chrome/common/ipc_channel_win.cc,[Child 3260, Chrome_ChildT line 346hread] WARNING: pipe error: 109: file z:/build/build/src/ipc/chromium/src/chrome/common/ipc_channel_win.cc, line 346

[Child 31546070390284	Marionette	DEBUG	Closed connection 0
[Parent 13920, Gecko_IOThread] WARNING: pipe error: 109: file z:/build/build/src/ipc/chromium/src/chrome/common/ipc_channel_win.cc, line 346
[Child 7192, Chrome_ChildThread] WARNING: pipe error: 109: file z:/build/build/src/ipc/chromium/src/chrome/common/ipc_channel_win.cc, line 346
[Child 71546070390513	Marionette	DEBUG	Received observer notification xpcom-will-shutdown
1546070390513	Marionette	DEBUG	Resetting recommended pref app.update.disabledForTesting
1546070390513	Marionette	DEBUG	Resetting recommended pref security.turn_off_all_security_so_that_viruses_can_take_over_this_computer
1546070390513	Marionette	DEBUG	Resetting recommended pref apz.content_response_timeout
1546070390513	Marionette	DEBUG	Resetting recommended pref browser.contentblocking.introCount
1546070390513	Marionette	DEBUG	Resetting recommended pref browser.download.panel.shown
1546070390513	Marionette	DEBUG	Resetting recommended pref browser.newtabpage.enabled
1546070390514	Marionette	DEBUG	Resetting recommended pref browser.pagethumbnails.capturing_disabled
1546070390514	Marionette	DEBUG	Resetting recommended pref browser.search.update
1546070390514	Marionette	DEBUG	Resetting recommended pref browser.tabs.disableBackgroundZombification
1546070390514	Marionette	DEBUG	Resetting recommended pref browser.tabs.warnOnCloseOtherTabs
1546070390514	Marionette	DEBUG	Resetting recommended pref browser.tabs.warnOnOpen
1546070390514	Marionette	DEBUG	Resetting recommended pref browser.usedOnWindows10.introURL
1546070390514	Marionette	DEBUG	Resetting recommended pref browser.urlbar.suggest.searches
1546070390514	Marionette	DEBUG	Resetting recommended pref datareporting.policy.dataSubmissionPolicyAccepted
1546070390514	Marionette	DEBUG	Resetting recommended pref dom.disable_beforeunload
1546070390515	Marionette	DEBUG	Resetting recommended pref dom.disable_open_during_load
1546070390515	Marionette	DEBUG	Resetting recommended pref dom.file.createInChild
1546070390515	Marionette	DEBUG	Resetting recommended pref dom.max_chrome_script_run_time
1546070390515	Marionette	DEBUG	Resetting recommended pref dom.max_script_run_time
1546070390515	Marionette	DEBUG	Resetting recommended pref extensions.getAddons.cache.enabled
1546070390515	Marionette	DEBUG	Resetting recommended pref extensions.webservice.discoverURL
1546070390515	Marionette	DEBUG	Resetting recommended pref network.http.prompt-temp-redirect
1546070390515	Marionette	DEBUG	Resetting recommended pref network.http.speculative-parallel-limit
1546070390515	Marionette	DEBUG	Resetting recommended pref security.fileuri.strict_origin_policy
1546070390515	Marionette	DEBUG	Resetting recommended pref security.notification_enable_delay
1546070390515	Marionette	DEBUG	Resetting recommended pref signon.autofillForms
1546070390515	Marionette	DEBUG	Resetting recommended pref signon.rememberSignons
1546070390516	Marionette	DEBUG	Resetting recommended pref toolkit.cosmeticAnimations.enabled
1546070390516	Marionette	DEBUG	Remote service is inactive

###!!! [Child][MessageChannel::SendAndWait] Error: Channel error: cannot send/recv

